<?xml version="1.0" encoding="utf-8"?><testsuites name="pytest tests"><testsuite name="pytest" errors="0" failures="0" skipped="0" tests="15" time="4.599" timestamp="2026-03-10T07:11:00.761066+00:00" hostname="agent-env-ce86b851-ae0d-468c-b68b-8adf63f144b7"><testcase classname="backend.tests.test_auth_password.TestPasswordLogin" name="test_hr_login_with_correct_password" time="0.498" /><testcase classname="backend.tests.test_auth_password.TestPasswordLogin" name="test_login_fails_with_wrong_password" time="0.331" /><testcase classname="backend.tests.test_auth_password.TestPasswordLogin" name="test_login_fails_for_nonexistent_user" time="0.106" /><testcase classname="backend.tests.test_auth_password.TestPasswordLogin" name="test_login_case_insensitive_email" time="0.367" /><testcase classname="backend.tests.test_auth_password.TestForgotPassword" name="test_forgot_password_existing_email" time="0.546" /><testcase classname="backend.tests.test_auth_password.TestForgotPassword" name="test_forgot_password_nonexistent_email" time="0.115" /><testcase classname="backend.tests.test_auth_password.TestResetToken" name="test_verify_invalid_token" time="0.117" /><testcase classname="backend.tests.test_auth_password.TestResetToken" name="test_reset_password_invalid_token" time="0.133" /><testcase classname="backend.tests.test_auth_password.TestResetToken" name="test_reset_password_short_password" time="0.106" /><testcase classname="backend.tests.test_auth_password.TestEmployeeCreationWithPassword" name="test_create_employee_sends_welcome_email" time="0.540" /><testcase classname="backend.tests.test_auth_password.TestEmployeeCreationWithPassword" name="test_created_employee_has_password" time="0.892" /><testcase classname="backend.tests.test_auth_password.TestPasswordResetFlow" name="test_forgot_then_verify_token_flow" time="0.292" /><testcase classname="backend.tests.test_auth_password.TestPasswordResetFlow" name="test_full_password_reset_would_work" time="0.000" /><testcase classname="backend.tests.test_auth_password.TestSecurityChecks" name="test_password_not_exposed_in_response" time="0.103" /><testcase classname="backend.tests.test_auth_password.TestSecurityChecks" name="test_email_enumeration_prevention" time="0.413" /></testsuite></testsuites>