<?xml version="1.0" encoding="utf-8"?><testsuites name="pytest tests"><testsuite name="pytest" errors="0" failures="0" skipped="0" tests="42" time="34.776" timestamp="2026-03-10T07:13:38.163402+00:00" hostname="agent-env-ce86b851-ae0d-468c-b68b-8adf63f144b7"><testcase classname="backend.tests.test_attendance_api.TestAuthentication" name="test_login_hr_user_success" time="0.365" /><testcase classname="backend.tests.test_attendance_api.TestAuthentication" name="test_login_case_insensitive" time="0.321" /><testcase classname="backend.tests.test_attendance_api.TestAuthentication" name="test_login_invalid_email" time="0.106" /><testcase classname="backend.tests.test_attendance_api.TestAuthentication" name="test_login_invalid_email_format" time="0.157" /><testcase classname="backend.tests.test_attendance_api.TestEmployees" name="test_get_all_employees" time="0.108" /><testcase classname="backend.tests.test_attendance_api.TestEmployees" name="test_create_employee" time="0.670" /><testcase classname="backend.tests.test_attendance_api.TestEmployees" name="test_create_duplicate_employee_fails" time="0.103" /><testcase classname="backend.tests.test_attendance_api.TestLeaveBalance" name="test_get_hr_leave_balance" time="0.206" /><testcase classname="backend.tests.test_attendance_api.TestLeaveBalance" name="test_get_all_balances" time="0.129" /><testcase classname="backend.tests.test_attendance_api.TestLeaveBalance" name="test_balance_calculation_for_new_employee" time="0.623" /><testcase classname="backend.tests.test_attendance_api.TestLeaves" name="test_apply_ooo_leave" time="0.522" /><testcase classname="backend.tests.test_attendance_api.TestLeaves" name="test_apply_wfh_leave" time="0.518" /><testcase classname="backend.tests.test_attendance_api.TestLeaves" name="test_get_all_leaves" time="0.213" /><testcase classname="backend.tests.test_attendance_api.TestLeaves" name="test_get_leaves_by_year" time="0.215" /><testcase classname="backend.tests.test_attendance_api.TestLeaves" name="test_delete_leave" time="0.625" /><testcase classname="backend.tests.test_attendance_api.TestLeaves" name="test_delete_nonexistent_leave" time="0.222" /><testcase classname="backend.tests.test_attendance_api.TestLeaves" name="test_insufficient_balance_rejection" time="0.781" /><testcase classname="backend.tests.test_attendance_api.TestHolidays" name="test_create_holiday" time="0.227" /><testcase classname="backend.tests.test_attendance_api.TestHolidays" name="test_get_all_holidays" time="0.107" /><testcase classname="backend.tests.test_attendance_api.TestHolidays" name="test_get_holidays_by_year" time="0.313" /><testcase classname="backend.tests.test_attendance_api.TestHolidays" name="test_delete_holiday" time="0.304" /><testcase classname="backend.tests.test_attendance_api.TestHolidays" name="test_delete_nonexistent_holiday" time="0.103" /><testcase classname="backend.tests.test_attendance_api.TestCalendar" name="test_get_calendar_current_month" time="0.103" /><testcase classname="backend.tests.test_attendance_api.TestCalendar" name="test_calendar_shows_leave_events" time="0.625" /><testcase classname="backend.tests.test_attendance_api.TestCalendar" name="test_calendar_shows_holidays" time="0.356" /><testcase classname="backend.tests.test_attendance_api.TestLeaveBalanceDeduction" name="test_ooo_deducts_cl_first_then_el" time="1.117" /><testcase classname="backend.tests.test_attendance_api.TestLeaveBalanceDeduction" name="test_wfh_deducts_from_wfh_balance" time="0.728" /><testcase classname="backend.tests.test_auth_password.TestPasswordLogin" name="test_hr_login_with_correct_password" time="0.330" /><testcase classname="backend.tests.test_auth_password.TestPasswordLogin" name="test_login_fails_with_wrong_password" time="0.345" /><testcase classname="backend.tests.test_auth_password.TestPasswordLogin" name="test_login_fails_for_nonexistent_user" time="0.095" /><testcase classname="backend.tests.test_auth_password.TestPasswordLogin" name="test_login_case_insensitive_email" time="0.335" /><testcase classname="backend.tests.test_auth_password.TestForgotPassword" name="test_forgot_password_existing_email" time="0.303" /><testcase classname="backend.tests.test_auth_password.TestForgotPassword" name="test_forgot_password_nonexistent_email" time="0.104" /><testcase classname="backend.tests.test_auth_password.TestResetToken" name="test_verify_invalid_token" time="0.100" /><testcase classname="backend.tests.test_auth_password.TestResetToken" name="test_reset_password_invalid_token" time="0.100" /><testcase classname="backend.tests.test_auth_password.TestResetToken" name="test_reset_password_short_password" time="0.104" /><testcase classname="backend.tests.test_auth_password.TestEmployeeCreationWithPassword" name="test_create_employee_sends_welcome_email" time="0.536" /><testcase classname="backend.tests.test_auth_password.TestEmployeeCreationWithPassword" name="test_created_employee_has_password" time="0.869" /><testcase classname="backend.tests.test_auth_password.TestPasswordResetFlow" name="test_forgot_then_verify_token_flow" time="0.312" /><testcase classname="backend.tests.test_auth_password.TestPasswordResetFlow" name="test_full_password_reset_would_work" time="0.000" /><testcase classname="backend.tests.test_auth_password.TestSecurityChecks" name="test_password_not_exposed_in_response" time="20.791" /><testcase classname="backend.tests.test_auth_password.TestSecurityChecks" name="test_email_enumeration_prevention" time="0.509" /></testsuite></testsuites>