<?xml version="1.0" encoding="utf-8"?><testsuites name="pytest tests"><testsuite name="pytest" errors="0" failures="1" skipped="0" tests="27" time="6.837" timestamp="2026-02-23T07:13:16.595101+00:00" hostname="agent-env-ce86b851-ae0d-468c-b68b-8adf63f144b7"><testcase classname="backend.tests.test_attendance_api.TestAuthentication" name="test_login_hr_user_success" time="0.232" /><testcase classname="backend.tests.test_attendance_api.TestAuthentication" name="test_login_case_insensitive" time="0.113" /><testcase classname="backend.tests.test_attendance_api.TestAuthentication" name="test_login_invalid_email" time="0.103" /><testcase classname="backend.tests.test_attendance_api.TestAuthentication" name="test_login_invalid_email_format" time="0.109" /><testcase classname="backend.tests.test_attendance_api.TestEmployees" name="test_get_all_employees" time="0.151" /><testcase classname="backend.tests.test_attendance_api.TestEmployees" name="test_create_employee" time="0.250" /><testcase classname="backend.tests.test_attendance_api.TestEmployees" name="test_create_duplicate_employee_fails" time="0.110"><failure message="assert 200 == 400&#10; +  where 200 = &lt;Response [200]&gt;.status_code">backend/tests/test_attendance_api.py:132: in test_create_duplicate_employee_fails
    assert response.status_code == 400
E   assert 200 == 400
E    +  where 200 = &lt;Response [200]&gt;.status_code</failure></testcase><testcase classname="backend.tests.test_attendance_api.TestLeaveBalance" name="test_get_hr_leave_balance" time="0.259" /><testcase classname="backend.tests.test_attendance_api.TestLeaveBalance" name="test_get_all_balances" time="0.148" /><testcase classname="backend.tests.test_attendance_api.TestLeaveBalance" name="test_balance_calculation_for_new_employee" time="0.211" /><testcase classname="backend.tests.test_attendance_api.TestLeaves" name="test_apply_ooo_leave" time="0.337" /><testcase classname="backend.tests.test_attendance_api.TestLeaves" name="test_apply_wfh_leave" time="0.312" /><testcase classname="backend.tests.test_attendance_api.TestLeaves" name="test_get_all_leaves" time="0.221" /><testcase classname="backend.tests.test_attendance_api.TestLeaves" name="test_get_leaves_by_year" time="0.210" /><testcase classname="backend.tests.test_attendance_api.TestLeaves" name="test_delete_leave" time="0.412" /><testcase classname="backend.tests.test_attendance_api.TestLeaves" name="test_delete_nonexistent_leave" time="0.220" /><testcase classname="backend.tests.test_attendance_api.TestLeaves" name="test_insufficient_balance_rejection" time="0.334" /><testcase classname="backend.tests.test_attendance_api.TestHolidays" name="test_create_holiday" time="0.238" /><testcase classname="backend.tests.test_attendance_api.TestHolidays" name="test_get_all_holidays" time="0.108" /><testcase classname="backend.tests.test_attendance_api.TestHolidays" name="test_get_holidays_by_year" time="0.325" /><testcase classname="backend.tests.test_attendance_api.TestHolidays" name="test_delete_holiday" time="0.309" /><testcase classname="backend.tests.test_attendance_api.TestHolidays" name="test_delete_nonexistent_holiday" time="0.111" /><testcase classname="backend.tests.test_attendance_api.TestCalendar" name="test_get_calendar_current_month" time="0.096" /><testcase classname="backend.tests.test_attendance_api.TestCalendar" name="test_calendar_shows_leave_events" time="0.435" /><testcase classname="backend.tests.test_attendance_api.TestCalendar" name="test_calendar_shows_holidays" time="0.322" /><testcase classname="backend.tests.test_attendance_api.TestLeaveBalanceDeduction" name="test_ooo_deducts_cl_first_then_el" time="0.513" /><testcase classname="backend.tests.test_attendance_api.TestLeaveBalanceDeduction" name="test_wfh_deducts_from_wfh_balance" time="0.556" /></testsuite></testsuites>