<?xml version="1.0" encoding="utf-8"?><testsuites name="pytest tests"><testsuite name="pytest" errors="0" failures="0" skipped="0" tests="27" time="6.638" timestamp="2026-02-23T07:17:24.792611+00:00" hostname="agent-env-ce86b851-ae0d-468c-b68b-8adf63f144b7"><testcase classname="backend.tests.test_attendance_api.TestAuthentication" name="test_login_hr_user_success" time="0.201" /><testcase classname="backend.tests.test_attendance_api.TestAuthentication" name="test_login_case_insensitive" time="0.115" /><testcase classname="backend.tests.test_attendance_api.TestAuthentication" name="test_login_invalid_email" time="0.111" /><testcase classname="backend.tests.test_attendance_api.TestAuthentication" name="test_login_invalid_email_format" time="0.109" /><testcase classname="backend.tests.test_attendance_api.TestEmployees" name="test_get_all_employees" time="0.140" /><testcase classname="backend.tests.test_attendance_api.TestEmployees" name="test_create_employee" time="0.247" /><testcase classname="backend.tests.test_attendance_api.TestEmployees" name="test_create_duplicate_employee_fails" time="0.103" /><testcase classname="backend.tests.test_attendance_api.TestLeaveBalance" name="test_get_hr_leave_balance" time="0.223" /><testcase classname="backend.tests.test_attendance_api.TestLeaveBalance" name="test_get_all_balances" time="0.110" /><testcase classname="backend.tests.test_attendance_api.TestLeaveBalance" name="test_balance_calculation_for_new_employee" time="0.200" /><testcase classname="backend.tests.test_attendance_api.TestLeaves" name="test_apply_ooo_leave" time="0.324" /><testcase classname="backend.tests.test_attendance_api.TestLeaves" name="test_apply_wfh_leave" time="0.312" /><testcase classname="backend.tests.test_attendance_api.TestLeaves" name="test_get_all_leaves" time="0.206" /><testcase classname="backend.tests.test_attendance_api.TestLeaves" name="test_get_leaves_by_year" time="0.217" /><testcase classname="backend.tests.test_attendance_api.TestLeaves" name="test_delete_leave" time="0.424" /><testcase classname="backend.tests.test_attendance_api.TestLeaves" name="test_delete_nonexistent_leave" time="0.201" /><testcase classname="backend.tests.test_attendance_api.TestLeaves" name="test_insufficient_balance_rejection" time="0.310" /><testcase classname="backend.tests.test_attendance_api.TestHolidays" name="test_create_holiday" time="0.205" /><testcase classname="backend.tests.test_attendance_api.TestHolidays" name="test_get_all_holidays" time="0.100" /><testcase classname="backend.tests.test_attendance_api.TestHolidays" name="test_get_holidays_by_year" time="0.324" /><testcase classname="backend.tests.test_attendance_api.TestHolidays" name="test_delete_holiday" time="0.310" /><testcase classname="backend.tests.test_attendance_api.TestHolidays" name="test_delete_nonexistent_holiday" time="0.166" /><testcase classname="backend.tests.test_attendance_api.TestCalendar" name="test_get_calendar_current_month" time="0.098" /><testcase classname="backend.tests.test_attendance_api.TestCalendar" name="test_calendar_shows_leave_events" time="0.430" /><testcase classname="backend.tests.test_attendance_api.TestCalendar" name="test_calendar_shows_holidays" time="0.305" /><testcase classname="backend.tests.test_attendance_api.TestLeaveBalanceDeduction" name="test_ooo_deducts_cl_first_then_el" time="0.566" /><testcase classname="backend.tests.test_attendance_api.TestLeaveBalanceDeduction" name="test_wfh_deducts_from_wfh_balance" time="0.551" /></testsuite></testsuites>