<?xml version="1.0" encoding="utf-8"?><testsuites name="pytest tests"><testsuite name="pytest" errors="0" failures="0" skipped="0" tests="50" time="103.432" timestamp="2026-03-24T10:56:54.286771+00:00" hostname="agent-env-ce86b851-ae0d-468c-b68b-8adf63f144b7"><testcase classname="backend.tests.test_attendance_api.TestAuthentication" name="test_login_hr_user_success" time="0.349" /><testcase classname="backend.tests.test_attendance_api.TestAuthentication" name="test_login_case_insensitive" time="0.351" /><testcase classname="backend.tests.test_attendance_api.TestAuthentication" name="test_login_invalid_email" time="0.097" /><testcase classname="backend.tests.test_attendance_api.TestAuthentication" name="test_login_invalid_email_format" time="0.107" /><testcase classname="backend.tests.test_attendance_api.TestEmployees" name="test_get_all_employees" time="0.106" /><testcase classname="backend.tests.test_attendance_api.TestEmployees" name="test_create_employee" time="0.646" /><testcase classname="backend.tests.test_attendance_api.TestEmployees" name="test_create_duplicate_employee_fails" time="0.119" /><testcase classname="backend.tests.test_attendance_api.TestLeaveBalance" name="test_get_hr_leave_balance" time="0.217" /><testcase classname="backend.tests.test_attendance_api.TestLeaveBalance" name="test_get_all_balances" time="0.140" /><testcase classname="backend.tests.test_attendance_api.TestLeaveBalance" name="test_balance_calculation_for_new_employee" time="0.644" /><testcase classname="backend.tests.test_attendance_api.TestLeaves" name="test_apply_ooo_leave" time="1.889" /><testcase classname="backend.tests.test_attendance_api.TestLeaves" name="test_apply_wfh_leave" time="1.819" /><testcase classname="backend.tests.test_attendance_api.TestLeaves" name="test_get_all_leaves" time="0.201" /><testcase classname="backend.tests.test_attendance_api.TestLeaves" name="test_get_leaves_by_year" time="0.213" /><testcase classname="backend.tests.test_attendance_api.TestLeaves" name="test_delete_leave" time="1.870" /><testcase classname="backend.tests.test_attendance_api.TestLeaves" name="test_delete_nonexistent_leave" time="0.225" /><testcase classname="backend.tests.test_attendance_api.TestLeaves" name="test_insufficient_balance_rejection" time="0.760" /><testcase classname="backend.tests.test_attendance_api.TestHolidays" name="test_create_holiday" time="1.420" /><testcase classname="backend.tests.test_attendance_api.TestHolidays" name="test_get_all_holidays" time="0.146" /><testcase classname="backend.tests.test_attendance_api.TestHolidays" name="test_get_holidays_by_year" time="1.538" /><testcase classname="backend.tests.test_attendance_api.TestHolidays" name="test_delete_holiday" time="1.503" /><testcase classname="backend.tests.test_attendance_api.TestHolidays" name="test_delete_nonexistent_holiday" time="0.102" /><testcase classname="backend.tests.test_attendance_api.TestCalendar" name="test_get_calendar_current_month" time="0.106" /><testcase classname="backend.tests.test_attendance_api.TestCalendar" name="test_calendar_shows_leave_events" time="2.056" /><testcase classname="backend.tests.test_attendance_api.TestCalendar" name="test_calendar_shows_holidays" time="1.480" /><testcase classname="backend.tests.test_attendance_api.TestLeaveBalanceDeduction" name="test_ooo_deducts_cl_first_then_el" time="2.196" /><testcase classname="backend.tests.test_attendance_api.TestLeaveBalanceDeduction" name="test_wfh_deducts_from_wfh_balance" time="2.087" /><testcase classname="backend.tests.test_auth_password.TestPasswordLogin" name="test_hr_login_with_correct_password" time="0.345" /><testcase classname="backend.tests.test_auth_password.TestPasswordLogin" name="test_login_fails_with_wrong_password" time="0.316" /><testcase classname="backend.tests.test_auth_password.TestPasswordLogin" name="test_login_fails_for_nonexistent_user" time="0.096" /><testcase classname="backend.tests.test_auth_password.TestPasswordLogin" name="test_login_case_insensitive_email" time="0.316" /><testcase classname="backend.tests.test_auth_password.TestForgotPassword" name="test_forgot_password_existing_email" time="0.293" /><testcase classname="backend.tests.test_auth_password.TestForgotPassword" name="test_forgot_password_nonexistent_email" time="0.096" /><testcase classname="backend.tests.test_auth_password.TestResetToken" name="test_verify_invalid_token" time="0.105" /><testcase classname="backend.tests.test_auth_password.TestResetToken" name="test_reset_password_invalid_token" time="0.097" /><testcase classname="backend.tests.test_auth_password.TestResetToken" name="test_reset_password_short_password" time="0.104" /><testcase classname="backend.tests.test_auth_password.TestEmployeeCreationWithPassword" name="test_create_employee_sends_welcome_email" time="0.512" /><testcase classname="backend.tests.test_auth_password.TestEmployeeCreationWithPassword" name="test_created_employee_has_password" time="0.841" /><testcase classname="backend.tests.test_auth_password.TestPasswordResetFlow" name="test_forgot_then_verify_token_flow" time="0.302" /><testcase classname="backend.tests.test_auth_password.TestPasswordResetFlow" name="test_full_password_reset_would_work" time="0.000" /><testcase classname="backend.tests.test_auth_password.TestSecurityChecks" name="test_password_not_exposed_in_response" time="0.117" /><testcase classname="backend.tests.test_auth_password.TestSecurityChecks" name="test_email_enumeration_prevention" time="0.410" /><testcase classname="backend.tests.test_leave_balance_visibility.TestLeaveBalanceVisibility" name="test_hr_sees_all_balances" time="0.559" /><testcase classname="backend.tests.test_leave_balance_visibility.TestLeaveBalanceVisibility" name="test_employee_sees_only_own_balance" time="0.541" /><testcase classname="backend.tests.test_leave_balance_visibility.TestLeaveBalanceVisibility" name="test_employee_cannot_see_hr_balance" time="0.549" /><testcase classname="backend.tests.test_leave_balance_visibility.TestLeaveBalanceVisibility" name="test_no_headers_returns_all_balances" time="0.540" /><testcase classname="backend.tests.test_leave_balance_visibility.TestLeaveBalanceVisibility" name="test_balance_structure_is_correct" time="0.600" /><testcase classname="backend.tests.test_leave_balance_visibility.TestGoogleCalendarIntegration" name="test_leave_application_creates_calendar_event" time="1.924" /><testcase classname="backend.tests.test_leave_balance_visibility.TestGoogleCalendarIntegration" name="test_holiday_creation_creates_calendar_event" time="1.792" /><testcase classname="backend.tests.test_leave_balance_visibility.TestGoogleCalendarIntegration" name="test_leave_deletion_removes_calendar_event" time="70.509" /></testsuite></testsuites>